<?xml version="1.0" encoding="UTF-8"?>
<testsuite name="com.ford.poc.Service.TrimRequestControllerTest" tests="1" skipped="0" failures="0" errors="0" timestamp="2016-12-08T20:58:12" hostname="Sais-iMac.fmcc.fc.ford.com" time="0.01">
  <properties/>
  <testcase name="shouldReturnTrimsForMakeModelAndYear" classname="com.ford.poc.Service.TrimRequestControllerTest" time="0.01"/>
  <system-out><![CDATA[]]></system-out>
  <system-err><![CDATA[]]></system-err>
</testsuite>
