<?xml version="1.0" encoding="UTF-8"?>
<testsuite name="com.ford.poc.Service.VehicleTrimServiceTest" tests="2" skipped="0" failures="0" errors="0" timestamp="2016-12-08T20:58:12" hostname="Sais-iMac.fmcc.fc.ford.com" time="0.002">
  <properties/>
  <testcase name="shouldReturnListOfTrims" classname="com.ford.poc.Service.VehicleTrimServiceTest" time="0.001"/>
  <testcase name="shouldCallVehicleTrimServiceToRetrieveListOfTrims" classname="com.ford.poc.Service.VehicleTrimServiceTest" time="0.0"/>
  <system-out><![CDATA[]]></system-out>
  <system-err><![CDATA[]]></system-err>
</testsuite>
