<?xml version="1.0" encoding="UTF-8"?>
<testsuite name="com.ford.poc.TrimFinderApplicationTests" tests="1" skipped="0" failures="0" errors="0" timestamp="2016-12-08T20:58:13" hostname="Sais-iMac.fmcc.fc.ford.com" time="0.004">
  <properties/>
  <testcase name="contextLoads" classname="com.ford.poc.TrimFinderApplicationTests" time="0.004"/>
  <system-out><![CDATA[15:58:12.306 [Test worker] DEBUG org.springframework.test.context.junit4.SpringJUnit4ClassRunner - SpringJUnit4ClassRunner constructor called with [class com.ford.poc.TrimFinderApplicationTests]
15:58:12.308 [Test worker] DEBUG org.springframework.test.context.BootstrapUtils - Instantiating CacheAwareContextLoaderDelegate from class [org.springframework.test.context.cache.DefaultCacheAwareContextLoaderDelegate]
15:58:12.313 [Test worker] DEBUG org.springframework.test.context.BootstrapUtils - Instantiating BootstrapContext using constructor [public org.springframework.test.context.support.DefaultBootstrapContext(java.lang.Class,org.springframework.test.context.CacheAwareContextLoaderDelegate)]
15:58:12.322 [Test worker] DEBUG org.springframework.test.context.BootstrapUtils - Instantiating TestContextBootstrapper for test class [com.ford.poc.TrimFinderApplicationTests] from class [org.springframework.boot.test.context.SpringBootTestContextBootstrapper]
15:58:12.328 [Test worker] INFO org.springframework.boot.test.context.SpringBootTestContextBootstrapper - Neither @ContextConfiguration nor @ContextHierarchy found for test class [com.ford.poc.TrimFinderApplicationTests], using SpringBootContextLoader
15:58:12.330 [Test worker] DEBUG org.springframework.test.context.support.AbstractContextLoader - Did not detect default resource location for test class [com.ford.poc.TrimFinderApplicationTests]: class path resource [com/ford/poc/TrimFinderApplicationTests-context.xml] does not exist
15:58:12.331 [Test worker] DEBUG org.springframework.test.context.support.AbstractContextLoader - Did not detect default resource location for test class [com.ford.poc.TrimFinderApplicationTests]: class path resource [com/ford/poc/TrimFinderApplicationTestsContext.groovy] does not exist
15:58:12.331 [Test worker] INFO org.springframework.test.context.support.AbstractContextLoader - Could not detect default resource locations for test class [com.ford.poc.TrimFinderApplicationTests]: no resource found for suffixes {-context.xml, Context.groovy}.
15:58:12.331 [Test worker] INFO org.springframework.test.context.support.AnnotationConfigContextLoaderUtils - Could not detect default configuration classes for test class [com.ford.poc.TrimFinderApplicationTests]: TrimFinderApplicationTests does not declare any static, non-private, non-final, nested classes annotated with @Configuration.
15:58:12.355 [Test worker] DEBUG org.springframework.test.context.support.ActiveProfilesUtils - Could not find an 'annotation declaring class' for annotation type [org.springframework.test.context.ActiveProfiles] and class [com.ford.poc.TrimFinderApplicationTests]
15:58:12.384 [Test worker] DEBUG org.springframework.core.env.StandardEnvironment - Adding [systemProperties] PropertySource with lowest search precedence
15:58:12.385 [Test worker] DEBUG org.springframework.core.env.StandardEnvironment - Adding [systemEnvironment] PropertySource with lowest search precedence
15:58:12.385 [Test worker] DEBUG org.springframework.core.env.StandardEnvironment - Initialized StandardEnvironment with PropertySources [systemProperties,systemEnvironment]
15:58:12.390 [Test worker] DEBUG org.springframework.core.io.support.PathMatchingResourcePatternResolver - Resolved classpath location [com/ford/poc/] to resources [URL [file:/Users/sharida1/POC/TrimFinder/build/classes/test/com/ford/poc/], URL [file:/Users/sharida1/POC/TrimFinder/build/classes/main/com/ford/poc/]]
15:58:12.391 [Test worker] DEBUG org.springframework.core.io.support.PathMatchingResourcePatternResolver - Looking for matching resources in directory tree [/Users/sharida1/POC/TrimFinder/build/classes/test/com/ford/poc]
15:58:12.391 [Test worker] DEBUG org.springframework.core.io.support.PathMatchingResourcePatternResolver - Searching directory [/Users/sharida1/POC/TrimFinder/build/classes/test/com/ford/poc] for files matching pattern [/Users/sharida1/POC/TrimFinder/build/classes/test/com/ford/poc/*.class]
15:58:12.392 [Test worker] DEBUG org.springframework.core.io.support.PathMatchingResourcePatternResolver - Looking for matching resources in directory tree [/Users/sharida1/POC/TrimFinder/build/classes/main/com/ford/poc]
15:58:12.393 [Test worker] DEBUG org.springframework.core.io.support.PathMatchingResourcePatternResolver - Searching directory [/Users/sharida1/POC/TrimFinder/build/classes/main/com/ford/poc] for files matching pattern [/Users/sharida1/POC/TrimFinder/build/classes/main/com/ford/poc/*.class]
15:58:12.393 [Test worker] DEBUG org.springframework.core.io.support.PathMatchingResourcePatternResolver - Resolved location pattern [classpath*:com/ford/poc/*.class] to resources [file [/Users/sharida1/POC/TrimFinder/build/classes/test/com/ford/poc/TrimFinderApplicationTests.class], file [/Users/sharida1/POC/TrimFinder/build/classes/main/com/ford/poc/TrimFinderApplication.class]]
15:58:12.419 [Test worker] DEBUG org.springframework.context.annotation.ClassPathScanningCandidateComponentProvider - Identified candidate component class: file [/Users/sharida1/POC/TrimFinder/build/classes/main/com/ford/poc/TrimFinderApplication.class]
15:58:12.420 [Test worker] INFO org.springframework.boot.test.context.SpringBootTestContextBootstrapper - Found @SpringBootConfiguration com.ford.poc.TrimFinderApplication for test class com.ford.poc.TrimFinderApplicationTests
15:58:12.422 [Test worker] DEBUG org.springframework.boot.test.context.SpringBootTestContextBootstrapper - @TestExecutionListeners is not present for class [com.ford.poc.TrimFinderApplicationTests]: using defaults.
15:58:12.425 [Test worker] INFO org.springframework.boot.test.context.SpringBootTestContextBootstrapper - Loaded default TestExecutionListener class names from location [META-INF/spring.factories]: [org.springframework.boot.test.mock.mockito.MockitoTestExecutionListener, org.springframework.boot.test.mock.mockito.ResetMocksTestExecutionListener, org.springframework.boot.test.autoconfigure.restdocs.RestDocsTestExecutionListener, org.springframework.boot.test.autoconfigure.web.client.MockRestServiceServerResetTestExecutionListener, org.springframework.boot.test.autoconfigure.web.servlet.MockMvcPrintOnlyOnFailureTestExecutionListener, org.springframework.boot.test.autoconfigure.web.servlet.WebDriverTestExecutionListener, org.springframework.test.context.web.ServletTestExecutionListener, org.springframework.test.context.support.DirtiesContextBeforeModesTestExecutionListener, org.springframework.test.context.support.DependencyInjectionTestExecutionListener, org.springframework.test.context.support.DirtiesContextTestExecutionListener, org.springframework.test.context.transaction.TransactionalTestExecutionListener, org.springframework.test.context.jdbc.SqlScriptsTestExecutionListener]
15:58:12.431 [Test worker] INFO org.springframework.boot.test.context.SpringBootTestContextBootstrapper - Could not instantiate TestExecutionListener [org.springframework.test.context.jdbc.SqlScriptsTestExecutionListener]. Specify custom listener classes or make the default listener classes (and their required dependencies) available. Offending class: [org/springframework/transaction/interceptor/TransactionAttribute]
15:58:12.433 [Test worker] INFO org.springframework.boot.test.context.SpringBootTestContextBootstrapper - Could not instantiate TestExecutionListener [org.springframework.test.context.transaction.TransactionalTestExecutionListener]. Specify custom listener classes or make the default listener classes (and their required dependencies) available. Offending class: [org/springframework/transaction/interceptor/TransactionAttributeSource]
15:58:12.433 [Test worker] INFO org.springframework.boot.test.context.SpringBootTestContextBootstrapper - Using TestExecutionListeners: [org.springframework.test.context.web.ServletTestExecutionListener@1695284a, org.springframework.test.context.support.DirtiesContextBeforeModesTestExecutionListener@633c8d16, org.springframework.boot.test.autoconfigure.SpringBootDependencyInjectionTestExecutionListener@67dbb71e, org.springframework.test.context.support.DirtiesContextTestExecutionListener@24301c46, org.springframework.boot.test.mock.mockito.MockitoTestExecutionListener@1b58a7f2, org.springframework.boot.test.mock.mockito.ResetMocksTestExecutionListener@1c0bcdb2, org.springframework.boot.test.autoconfigure.web.client.MockRestServiceServerResetTestExecutionListener@26d2ea6a, org.springframework.boot.test.autoconfigure.web.servlet.WebDriverTestExecutionListener@22400da, org.springframework.boot.test.autoconfigure.restdocs.RestDocsTestExecutionListener@5c9d405b, org.springframework.boot.test.autoconfigure.web.servlet.MockMvcPrintOnlyOnFailureTestExecutionListener@1eb97027]
15:58:12.434 [Test worker] DEBUG org.springframework.test.annotation.ProfileValueUtils - Retrieved @ProfileValueSourceConfiguration [null] for test class [com.ford.poc.TrimFinderApplicationTests]
15:58:12.434 [Test worker] DEBUG org.springframework.test.annotation.ProfileValueUtils - Retrieved ProfileValueSource type [class org.springframework.test.annotation.SystemProfileValueSource] for class [com.ford.poc.TrimFinderApplicationTests]
15:58:12.435 [Test worker] DEBUG org.springframework.test.annotation.ProfileValueUtils - Retrieved @ProfileValueSourceConfiguration [null] for test class [com.ford.poc.TrimFinderApplicationTests]
15:58:12.435 [Test worker] DEBUG org.springframework.test.annotation.ProfileValueUtils - Retrieved ProfileValueSource type [class org.springframework.test.annotation.SystemProfileValueSource] for class [com.ford.poc.TrimFinderApplicationTests]
15:58:12.437 [Test worker] DEBUG org.springframework.test.context.support.AbstractDirtiesContextTestExecutionListener - Before test class: context [DefaultTestContext@33647f9a testClass = TrimFinderApplicationTests, testInstance = [null], testMethod = [null], testException = [null], mergedContextConfiguration = [WebMergedContextConfiguration@55c0f8a0 testClass = TrimFinderApplicationTests, locations = '{}', classes = '{class com.ford.poc.TrimFinderApplication}', contextInitializerClasses = '[]', activeProfiles = '{}', propertySourceLocations = '{}', propertySourceProperties = '{org.springframework.boot.test.context.SpringBootTestContextBootstrapper=true}', contextCustomizers = set[org.springframework.boot.test.context.SpringBootTestContextCustomizer@130e0f16, org.springframework.boot.test.context.filter.ExcludeFilterContextCustomizer@4da8292f, org.springframework.boot.test.mock.mockito.MockitoContextCustomizer@0, org.springframework.boot.test.autoconfigure.properties.PropertyMappingContextCustomizer@0, org.springframework.boot.test.autoconfigure.web.servlet.WebDriverContextCustomizerFactory$Customizer@1ca88ce0], resourceBasePath = 'src/main/webapp', contextLoader = 'org.springframework.boot.test.context.SpringBootContextLoader', parent = [null]]], class annotated with @DirtiesContext [false] with mode [null].
15:58:12.437 [Test worker] DEBUG org.springframework.test.annotation.ProfileValueUtils - Retrieved @ProfileValueSourceConfiguration [null] for test class [com.ford.poc.TrimFinderApplicationTests]
15:58:12.437 [Test worker] DEBUG org.springframework.test.annotation.ProfileValueUtils - Retrieved ProfileValueSource type [class org.springframework.test.annotation.SystemProfileValueSource] for class [com.ford.poc.TrimFinderApplicationTests]
15:58:12.454 [Test worker] DEBUG org.springframework.core.env.StandardEnvironment - Adding [systemProperties] PropertySource with lowest search precedence
15:58:12.454 [Test worker] DEBUG org.springframework.core.env.StandardEnvironment - Adding [systemEnvironment] PropertySource with lowest search precedence
15:58:12.454 [Test worker] DEBUG org.springframework.core.env.StandardEnvironment - Initialized StandardEnvironment with PropertySources [systemProperties,systemEnvironment]
15:58:12.454 [Test worker] DEBUG org.springframework.test.context.support.TestPropertySourceUtils - Adding inlined properties to environment: {spring.jmx.enabled=false, org.springframework.boot.test.context.SpringBootTestContextBootstrapper=true, server.port=-1}
15:58:12.455 [Test worker] DEBUG org.springframework.core.env.StandardEnvironment - Adding [Inlined Test Properties] PropertySource with highest search precedence

  .   ____          _            __ _ _
 /\\ / ___'_ __ _ _(_)_ __  __ _ \ \ \ \
( ( )\___ | '_ | '_| | '_ \/ _` | \ \ \ \
 \\/  ___)| |_)| | | | | || (_| |  ) ) ) )
  '  |____| .__|_| |_|_| |_\__, | / / / /
 =========|_|==============|___/=/_/_/_/
 :: Spring Boot ::        (v1.4.2.RELEASE)

2016-12-08 15:58:12.668  INFO 11473 --- [    Test worker] com.ford.poc.TrimFinderApplicationTests  : Starting TrimFinderApplicationTests on Sais-iMac.fmcc.fc.ford.com with PID 11473 (started by sharida1 in /Users/sharida1/POC/TrimFinder)
2016-12-08 15:58:12.669  INFO 11473 --- [    Test worker] com.ford.poc.TrimFinderApplicationTests  : No active profile set, falling back to default profiles: default
2016-12-08 15:58:12.691  INFO 11473 --- [    Test worker] o.s.w.c.s.GenericWebApplicationContext   : Refreshing org.springframework.web.context.support.GenericWebApplicationContext@694d628: startup date [Thu Dec 08 15:58:12 EST 2016]; root of context hierarchy
2016-12-08 15:58:13.537  INFO 11473 --- [    Test worker] s.w.s.m.m.a.RequestMappingHandlerAdapter : Looking for @ControllerAdvice: org.springframework.web.context.support.GenericWebApplicationContext@694d628: startup date [Thu Dec 08 15:58:12 EST 2016]; root of context hierarchy
2016-12-08 15:58:13.574  INFO 11473 --- [    Test worker] s.w.s.m.m.a.RequestMappingHandlerMapping : Mapped "{[/error]}" onto public org.springframework.http.ResponseEntity<java.util.Map<java.lang.String, java.lang.Object>> org.springframework.boot.autoconfigure.web.BasicErrorController.error(javax.servlet.http.HttpServletRequest)
2016-12-08 15:58:13.575  INFO 11473 --- [    Test worker] s.w.s.m.m.a.RequestMappingHandlerMapping : Mapped "{[/error],produces=[text/html]}" onto public org.springframework.web.servlet.ModelAndView org.springframework.boot.autoconfigure.web.BasicErrorController.errorHtml(javax.servlet.http.HttpServletRequest,javax.servlet.http.HttpServletResponse)
2016-12-08 15:58:13.592  INFO 11473 --- [    Test worker] o.s.w.s.handler.SimpleUrlHandlerMapping  : Mapped URL path [/webjars/**] onto handler of type [class org.springframework.web.servlet.resource.ResourceHttpRequestHandler]
2016-12-08 15:58:13.592  INFO 11473 --- [    Test worker] o.s.w.s.handler.SimpleUrlHandlerMapping  : Mapped URL path [/**] onto handler of type [class org.springframework.web.servlet.resource.ResourceHttpRequestHandler]
2016-12-08 15:58:13.612  INFO 11473 --- [    Test worker] o.s.w.s.handler.SimpleUrlHandlerMapping  : Mapped URL path [/**/favicon.ico] onto handler of type [class org.springframework.web.servlet.resource.ResourceHttpRequestHandler]
2016-12-08 15:58:13.709  INFO 11473 --- [    Test worker] com.ford.poc.TrimFinderApplicationTests  : Started TrimFinderApplicationTests in 1.248 seconds (JVM running for 1.9)
]]></system-out>
  <system-err><![CDATA[]]></system-err>
</testsuite>
